<?xml version="1.0" encoding="UTF-8"?>
<!-- Generated by org.testng.reporters.JUnitXMLReporter -->
<testsuite hostname="DESKTOP-MT2DOOB" ignored="0" name="Test" tests="1" failures="1" timestamp="2020-12-24T10:51:29 IST" time="79.584" errors="0">
  <testcase name="testcase4" time="74.331" classname="Practise.AppiumFramework.TC_01">
    <failure type="io.appium.java_client.NoSuchContextException" message="An unknown server-side error occurred while processing the command. Original error: A new session could not be created. Details: session not created: This version of ChromeDriver only supports Chrome version 87
Current browser version is 86.0.4240.198 with package name com.androidsample.generalstore
Build info: version: &amp;apos;3.141.59&amp;apos;, revision: &amp;apos;e82be7d358&amp;apos;, time: &amp;apos;2018-11-14T08:17:03&amp;apos;
System info: host: &amp;apos;DESKTOP-MT2DOOB&amp;apos;, ip: &amp;apos;192.168.43.178&amp;apos;, os.name: &amp;apos;Windows 10&amp;apos;, os.arch: &amp;apos;amd64&amp;apos;, os.version: &amp;apos;10.0&amp;apos;, java.version: &amp;apos;1.8.0_271&amp;apos;
Driver info: io.appium.java_client.android.AndroidDriver
Capabilities {appActivity: com.androidsample.generalst..., appPackage: com.androidsample.generalstore, automationName: UIAutomator2, chromedriverExecutable: C:\Users\AnandB\Desktop\Tra..., databaseEnabled: false, desired: {appActivity: com.androidsample.generalst..., appPackage: com.androidsample.generalstore, automationName: UIAutomator2, chromedriverExecutable: C:\Users\AnandB\Desktop\Tra..., deviceName: AnandMB, platformName: android}, deviceApiLevel: 26, deviceManufacturer: Google, deviceModel: Android SDK built for x86, deviceName: emulator-5554, deviceScreenDensity: 440, deviceScreenSize: 1080x2220, deviceUDID: emulator-5554, javascriptEnabled: true, locationContextEnabled: false, networkConnectionEnabled: true, pixelRatio: 2.75, platform: LINUX, platformName: Android, platformVersion: 8.0.0, statBarHeight: 66, takesScreenshot: true, viewportRect: {height: 2022, left: 0, top: 66, width: 1080}, warnings: {}, webStorageEnabled: false}
Session ID: e09b55a2-8980-4dc6-ae6a-1df17e070a95">
      <![CDATA[io.appium.java_client.NoSuchContextException: An unknown server-side error occurred while processing the command. Original error: A new session could not be created. Details: session not created: This version of ChromeDriver only supports Chrome version 87
Current browser version is 86.0.4240.198 with package name com.androidsample.generalstore
Build info: version: '3.141.59', revision: 'e82be7d358', time: '2018-11-14T08:17:03'
System info: host: 'DESKTOP-MT2DOOB', ip: '192.168.43.178', os.name: 'Windows 10', os.arch: 'amd64', os.version: '10.0', java.version: '1.8.0_271'
Driver info: io.appium.java_client.android.AndroidDriver
Capabilities {appActivity: com.androidsample.generalst..., appPackage: com.androidsample.generalstore, automationName: UIAutomator2, chromedriverExecutable: C:\Users\AnandB\Desktop\Tra..., databaseEnabled: false, desired: {appActivity: com.androidsample.generalst..., appPackage: com.androidsample.generalstore, automationName: UIAutomator2, chromedriverExecutable: C:\Users\AnandB\Desktop\Tra..., deviceName: AnandMB, platformName: android}, deviceApiLevel: 26, deviceManufacturer: Google, deviceModel: Android SDK built for x86, deviceName: emulator-5554, deviceScreenDensity: 440, deviceScreenSize: 1080x2220, deviceUDID: emulator-5554, javascriptEnabled: true, locationContextEnabled: false, networkConnectionEnabled: true, pixelRatio: 2.75, platform: LINUX, platformName: Android, platformVersion: 8.0.0, statBarHeight: 66, takesScreenshot: true, viewportRect: {height: 2022, left: 0, top: 66, width: 1080}, warnings: {}, webStorageEnabled: false}
Session ID: e09b55a2-8980-4dc6-ae6a-1df17e070a95
at io.appium.java_client.AppiumDriver.context(AppiumDriver.java:231)
at Practise.AppiumFramework.TC_01.testcase4(TC_01.java:93)
at java.util.ArrayList.forEach(Unknown Source)
Caused by: org.openqa.selenium.WebDriverException: An unknown server-side error occurred while processing the command. Original error: A new session could not be created. Details: session not created: This version of ChromeDriver only supports Chrome version 87
Current browser version is 86.0.4240.198 with package name com.androidsample.generalstore
Build info: version: '3.141.59', revision: 'e82be7d358', time: '2018-11-14T08:17:03'
System info: host: 'DESKTOP-MT2DOOB', ip: '192.168.43.178', os.name: 'Windows 10', os.arch: 'amd64', os.version: '10.0', java.version: '1.8.0_271'
Driver info: io.appium.java_client.android.AndroidDriver
Capabilities {appActivity: com.androidsample.generalst..., appPackage: com.androidsample.generalstore, automationName: UIAutomator2, chromedriverExecutable: C:\Users\AnandB\Desktop\Tra..., databaseEnabled: false, desired: {appActivity: com.androidsample.generalst..., appPackage: com.androidsample.generalstore, automationName: UIAutomator2, chromedriverExecutable: C:\Users\AnandB\Desktop\Tra..., deviceName: AnandMB, platformName: android}, deviceApiLevel: 26, deviceManufacturer: Google, deviceModel: Android SDK built for x86, deviceName: emulator-5554, deviceScreenDensity: 440, deviceScreenSize: 1080x2220, deviceUDID: emulator-5554, javascriptEnabled: true, locationContextEnabled: false, networkConnectionEnabled: true, pixelRatio: 2.75, platform: LINUX, platformName: Android, platformVersion: 8.0.0, statBarHeight: 66, takesScreenshot: true, viewportRect: {height: 2022, left: 0, top: 66, width: 1080}, warnings: {}, webStorageEnabled: false}
Session ID: e09b55a2-8980-4dc6-ae6a-1df17e070a95
at org.openqa.selenium.remote.http.W3CHttpResponseCodec.createException(W3CHttpResponseCodec.java:187)
at org.openqa.selenium.remote.http.W3CHttpResponseCodec.decode(W3CHttpResponseCodec.java:122)
at org.openqa.selenium.remote.http.W3CHttpResponseCodec.decode(W3CHttpResponseCodec.java:49)
at org.openqa.selenium.remote.HttpCommandExecutor.execute(HttpCommandExecutor.java:158)
at io.appium.java_client.remote.AppiumCommandExecutor.execute(AppiumCommandExecutor.java:239)
at org.openqa.selenium.remote.RemoteWebDriver.execute(RemoteWebDriver.java:552)
at io.appium.java_client.DefaultGenericMobileDriver.execute(DefaultGenericMobileDriver.java:41)
at io.appium.java_client.AppiumDriver.execute(AppiumDriver.java:1)
at io.appium.java_client.android.AndroidDriver.execute(AndroidDriver.java:1)
at io.appium.java_client.AppiumDriver.context(AppiumDriver.java:228)
... 29 more
... Removed 31 stack frames]]>
    </failure>
  </testcase> <!-- testcase4 -->
</testsuite> <!-- Test -->
